This file contains any messages produced by compilers while
running configure, to aid debugging if configure makes a mistake.

It was created by envelope configure v1.0.0, which was
generated by GNU Autoconf 2.69.  Invocation command line was

  $ ./configure 

## --------- ##
## Platform. ##
## --------- ##

hostname = Dup.local
uname -m = x86_64
uname -r = 14.5.0
uname -s = Darwin
uname -v = Darwin Kernel Version 14.5.0: Wed Jul 29 02:26:53 PDT 2015; root:xnu-2782.40.9~1/RELEASE_X86_64

/usr/bin/uname -p = i386
/bin/uname -X     = unknown

/bin/arch              = unknown
/usr/bin/arch -k       = unknown
/usr/convex/getsysinfo = unknown
/usr/bin/hostinfo      = Mach kernel version:
	 Darwin Kernel Version 14.5.0: Wed Jul 29 02:26:53 PDT 2015; root:xnu-2782.40.9~1/RELEASE_X86_64
Kernel configured for up to 2 processors.
2 processors are physically available.
2 processors are logically available.
Processor type: i486 (Intel 80486)
Processors active: 0 1
Primary memory available: 8.00 gigabytes
Default processor set: 274 tasks, 1071 threads, 2 processors
Load average: 2.34, Mach factor: 0.42
/bin/machine           = unknown
/usr/bin/oslevel       = unknown
/bin/universe          = unknown

PATH: /opt/local/bin
PATH: /opt/local/sbin
PATH: /opt/local/bin
PATH: /opt/local/sbin
PATH: /usr/local/pgsql/bin
PATH: /opt/local/bin
PATH: /opt/local/sbin
PATH: /usr/local/bin
PATH: /usr/local/bin
PATH: /usr/bin
PATH: /bin
PATH: /usr/sbin
PATH: /sbin
PATH: /opt/X11/bin
PATH: /opt/node/bin
PATH: /Users/nunzio/Downloads/emsdk-portable/emsdk_portable
PATH: /Users/nunzio/Downloads/emsdk-portable/emsdk_portable/clang/e1.27.0_64bit
PATH: /Users/nunzio/Downloads/emsdk-portable/emsdk_portable/node/0.10.18_64bit/bin
PATH: /Users/nunzio/Downloads/emsdk-portable/emsdk_portable/emscripten/1.27.0
PATH: /Users/nunzio/wine-1.6.2/tools/winegcc/


## ----------- ##
## Core tests. ##
## ----------- ##

configure:2197: checking for gcc
configure:2213: found /usr/bin/gcc
configure:2224: result: gcc
configure:2453: checking for C compiler version
configure:2462: gcc --version >&5
Apple LLVM version 6.1.0 (clang-602.0.53) (based on LLVM 3.6.0svn)
Target: x86_64-apple-darwin14.5.0
Thread model: posix
configure:2473: $? = 0
configure:2462: gcc -v >&5
Apple LLVM version 6.1.0 (clang-602.0.53) (based on LLVM 3.6.0svn)
Target: x86_64-apple-darwin14.5.0
Thread model: posix
configure:2473: $? = 0
configure:2462: gcc -V >&5
clang: error: argument to '-V' is missing (expected 1 value)
clang: error: no input files
configure:2473: $? = 1
configure:2462: gcc -qversion >&5
clang: error: unknown argument: '-qversion'
clang: error: no input files
configure:2473: $? = 1
configure:2493: checking whether the C compiler works
configure:2515: gcc    conftest.c  >&5
configure:2519: $? = 0
configure:2567: result: yes
configure:2570: checking for C compiler default output file name
configure:2572: result: a.out
configure:2578: checking for suffix of executables
configure:2585: gcc -o conftest    conftest.c  >&5
configure:2589: $? = 0
configure:2611: result: 
configure:2633: checking whether we are cross compiling
configure:2641: gcc -o conftest    conftest.c  >&5
configure:2645: $? = 0
configure:2652: ./conftest
configure:2656: $? = 0
configure:2671: result: no
configure:2676: checking for suffix of object files
configure:2698: gcc -c   conftest.c >&5
configure:2702: $? = 0
configure:2723: result: o
configure:2727: checking whether we are using the GNU C compiler
configure:2746: gcc -c   conftest.c >&5
configure:2746: $? = 0
configure:2755: result: yes
configure:2764: checking whether gcc accepts -g
configure:2784: gcc -c -g  conftest.c >&5
configure:2784: $? = 0
configure:2825: result: yes
configure:2842: checking for gcc option to accept ISO C89
configure:2905: gcc  -c -g -O2  conftest.c >&5
configure:2905: $? = 0
configure:2918: result: none needed
configure:2940: checking for pg_config
configure:2956: found /usr/local/pgsql/bin/pg_config
configure:2968: result: yes
configure:2984: checking for PQescapeLiteral in -lpq
configure:3009: gcc -o conftest -g -O2   -L/usr/local/pgsql/lib conftest.c -lpq   -lpq -lcrypto -lssl >&5
configure:3009: $? = 0
configure:3018: result: yes
configure:3039: checking how to run the C preprocessor
configure:3070: gcc -E  -I/usr/local/pgsql/include conftest.c
configure:3070: $? = 0
configure:3084: gcc -E  -I/usr/local/pgsql/include conftest.c
conftest.c:10:10: fatal error: 'ac_nonexistent.h' file not found
#include <ac_nonexistent.h>
         ^
1 error generated.
configure:3084: $? = 1
configure: failed program was:
| /* confdefs.h */
| #define PACKAGE_NAME "envelope"
| #define PACKAGE_TARNAME "envelope"
| #define PACKAGE_VERSION "v1.0.0"
| #define PACKAGE_STRING "envelope v1.0.0"
| #define PACKAGE_BUGREPORT "joseph@envelope.xyz"
| #define PACKAGE_URL ""
| #define HAVE_LIBPQ 1
| /* end confdefs.h.  */
| #include <ac_nonexistent.h>
configure:3109: result: gcc -E
configure:3129: gcc -E  -I/usr/local/pgsql/include conftest.c
configure:3129: $? = 0
configure:3143: gcc -E  -I/usr/local/pgsql/include conftest.c
conftest.c:10:10: fatal error: 'ac_nonexistent.h' file not found
#include <ac_nonexistent.h>
         ^
1 error generated.
configure:3143: $? = 1
configure: failed program was:
| /* confdefs.h */
| #define PACKAGE_NAME "envelope"
| #define PACKAGE_TARNAME "envelope"
| #define PACKAGE_VERSION "v1.0.0"
| #define PACKAGE_STRING "envelope v1.0.0"
| #define PACKAGE_BUGREPORT "joseph@envelope.xyz"
| #define PACKAGE_URL ""
| #define HAVE_LIBPQ 1
| /* end confdefs.h.  */
| #include <ac_nonexistent.h>
configure:3172: checking for grep that handles long lines and -e
configure:3230: result: /usr/bin/grep
configure:3235: checking for egrep
configure:3297: result: /usr/bin/grep -E
configure:3302: checking for ANSI C header files
configure:3322: gcc -c -g -O2  -I/usr/local/pgsql/include conftest.c >&5
configure:3322: $? = 0
configure:3395: gcc -o conftest -g -O2  -I/usr/local/pgsql/include  -L/usr/local/pgsql/lib conftest.c -lpq  -lpq -lcrypto -lssl >&5
configure:3395: $? = 0
configure:3395: ./conftest
configure:3395: $? = 0
configure:3406: result: yes
configure:3419: checking for sys/types.h
configure:3419: gcc -c -g -O2  -I/usr/local/pgsql/include conftest.c >&5
configure:3419: $? = 0
configure:3419: result: yes
configure:3419: checking for sys/stat.h
configure:3419: gcc -c -g -O2  -I/usr/local/pgsql/include conftest.c >&5
configure:3419: $? = 0
configure:3419: result: yes
configure:3419: checking for stdlib.h
configure:3419: gcc -c -g -O2  -I/usr/local/pgsql/include conftest.c >&5
configure:3419: $? = 0
configure:3419: result: yes
configure:3419: checking for string.h
configure:3419: gcc -c -g -O2  -I/usr/local/pgsql/include conftest.c >&5
configure:3419: $? = 0
configure:3419: result: yes
configure:3419: checking for memory.h
configure:3419: gcc -c -g -O2  -I/usr/local/pgsql/include conftest.c >&5
configure:3419: $? = 0
configure:3419: result: yes
configure:3419: checking for strings.h
configure:3419: gcc -c -g -O2  -I/usr/local/pgsql/include conftest.c >&5
configure:3419: $? = 0
configure:3419: result: yes
configure:3419: checking for inttypes.h
configure:3419: gcc -c -g -O2  -I/usr/local/pgsql/include conftest.c >&5
configure:3419: $? = 0
configure:3419: result: yes
configure:3419: checking for stdint.h
configure:3419: gcc -c -g -O2  -I/usr/local/pgsql/include conftest.c >&5
configure:3419: $? = 0
configure:3419: result: yes
configure:3419: checking for unistd.h
configure:3419: gcc -c -g -O2  -I/usr/local/pgsql/include conftest.c >&5
configure:3419: $? = 0
configure:3419: result: yes
configure:3433: checking libpq-fe.h usability
configure:3433: gcc -c -g -O2  -I/usr/local/pgsql/include conftest.c >&5
configure:3433: $? = 0
configure:3433: result: yes
configure:3433: checking libpq-fe.h presence
configure:3433: gcc -E  -I/usr/local/pgsql/include conftest.c
configure:3433: $? = 0
configure:3433: result: yes
configure:3433: checking for libpq-fe.h
configure:3433: result: yes
configure:3448: checking arpa/inet.h usability
configure:3448: gcc -c -g -O2  -I/usr/local/pgsql/include conftest.c >&5
configure:3448: $? = 0
configure:3448: result: yes
configure:3448: checking arpa/inet.h presence
configure:3448: gcc -E  -I/usr/local/pgsql/include conftest.c
configure:3448: $? = 0
configure:3448: result: yes
configure:3448: checking for arpa/inet.h
configure:3448: result: yes
configure:3448: checking fcntl.h usability
configure:3448: gcc -c -g -O2  -I/usr/local/pgsql/include conftest.c >&5
configure:3448: $? = 0
configure:3448: result: yes
configure:3448: checking fcntl.h presence
configure:3448: gcc -E  -I/usr/local/pgsql/include conftest.c
configure:3448: $? = 0
configure:3448: result: yes
configure:3448: checking for fcntl.h
configure:3448: result: yes
configure:3448: checking limits.h usability
configure:3448: gcc -c -g -O2  -I/usr/local/pgsql/include conftest.c >&5
configure:3448: $? = 0
configure:3448: result: yes
configure:3448: checking limits.h presence
configure:3448: gcc -E  -I/usr/local/pgsql/include conftest.c
configure:3448: $? = 0
configure:3448: result: yes
configure:3448: checking for limits.h
configure:3448: result: yes
configure:3448: checking netdb.h usability
configure:3448: gcc -c -g -O2  -I/usr/local/pgsql/include conftest.c >&5
configure:3448: $? = 0
configure:3448: result: yes
configure:3448: checking netdb.h presence
configure:3448: gcc -E  -I/usr/local/pgsql/include conftest.c
configure:3448: $? = 0
configure:3448: result: yes
configure:3448: checking for netdb.h
configure:3448: result: yes
configure:3448: checking netinet/in.h usability
configure:3448: gcc -c -g -O2  -I/usr/local/pgsql/include conftest.c >&5
configure:3448: $? = 0
configure:3448: result: yes
configure:3448: checking netinet/in.h presence
configure:3448: gcc -E  -I/usr/local/pgsql/include conftest.c
configure:3448: $? = 0
configure:3448: result: yes
configure:3448: checking for netinet/in.h
configure:3448: result: yes
configure:3448: checking stddef.h usability
configure:3448: gcc -c -g -O2  -I/usr/local/pgsql/include conftest.c >&5
configure:3448: $? = 0
configure:3448: result: yes
configure:3448: checking stddef.h presence
configure:3448: gcc -E  -I/usr/local/pgsql/include conftest.c
configure:3448: $? = 0
configure:3448: result: yes
configure:3448: checking for stddef.h
configure:3448: result: yes
configure:3448: checking for stdlib.h
configure:3448: result: yes
configure:3448: checking for string.h
configure:3448: result: yes
configure:3448: checking sys/socket.h usability
configure:3448: gcc -c -g -O2  -I/usr/local/pgsql/include conftest.c >&5
configure:3448: $? = 0
configure:3448: result: yes
configure:3448: checking sys/socket.h presence
configure:3448: gcc -E  -I/usr/local/pgsql/include conftest.c
configure:3448: $? = 0
configure:3448: result: yes
configure:3448: checking for sys/socket.h
configure:3448: result: yes
configure:3448: checking syslog.h usability
configure:3448: gcc -c -g -O2  -I/usr/local/pgsql/include conftest.c >&5
configure:3448: $? = 0
configure:3448: result: yes
configure:3448: checking syslog.h presence
configure:3448: gcc -E  -I/usr/local/pgsql/include conftest.c
configure:3448: $? = 0
configure:3448: result: yes
configure:3448: checking for syslog.h
configure:3448: result: yes
configure:3448: checking for unistd.h
configure:3448: result: yes
configure:3462: checking for stdbool.h that conforms to C99
configure:3529: gcc -c -g -O2  -I/usr/local/pgsql/include conftest.c >&5
conftest.c:81:24: warning: address of 's' will always evaluate to 'true' [-Wpointer-bool-conversion]
             bool e = &s;
                  ~    ^
1 warning generated.
configure:3529: $? = 0
configure:3536: result: yes
configure:3538: checking for _Bool
configure:3538: gcc -c -g -O2  -I/usr/local/pgsql/include conftest.c >&5
configure:3538: $? = 0
configure:3538: gcc -c -g -O2  -I/usr/local/pgsql/include conftest.c >&5
conftest.c:68:20: error: expected expression
if (sizeof ((_Bool)))
                   ^
1 error generated.
configure:3538: $? = 1
configure: failed program was:
| /* confdefs.h */
| #define PACKAGE_NAME "envelope"
| #define PACKAGE_TARNAME "envelope"
| #define PACKAGE_VERSION "v1.0.0"
| #define PACKAGE_STRING "envelope v1.0.0"
| #define PACKAGE_BUGREPORT "joseph@envelope.xyz"
| #define PACKAGE_URL ""
| #define HAVE_LIBPQ 1
| #define STDC_HEADERS 1
| #define HAVE_SYS_TYPES_H 1
| #define HAVE_SYS_STAT_H 1
| #define HAVE_STDLIB_H 1
| #define HAVE_STRING_H 1
| #define HAVE_MEMORY_H 1
| #define HAVE_STRINGS_H 1
| #define HAVE_INTTYPES_H 1
| #define HAVE_STDINT_H 1
| #define HAVE_UNISTD_H 1
| #define HAVE_LIBPQ_FE_H 1
| #define HAVE_ARPA_INET_H 1
| #define HAVE_FCNTL_H 1
| #define HAVE_LIMITS_H 1
| #define HAVE_NETDB_H 1
| #define HAVE_NETINET_IN_H 1
| #define HAVE_STDDEF_H 1
| #define HAVE_STDLIB_H 1
| #define HAVE_STRING_H 1
| #define HAVE_SYS_SOCKET_H 1
| #define HAVE_SYSLOG_H 1
| #define HAVE_UNISTD_H 1
| /* end confdefs.h.  */
| #include <stdio.h>
| #ifdef HAVE_SYS_TYPES_H
| # include <sys/types.h>
| #endif
| #ifdef HAVE_SYS_STAT_H
| # include <sys/stat.h>
| #endif
| #ifdef STDC_HEADERS
| # include <stdlib.h>
| # include <stddef.h>
| #else
| # ifdef HAVE_STDLIB_H
| #  include <stdlib.h>
| # endif
| #endif
| #ifdef HAVE_STRING_H
| # if !defined STDC_HEADERS && defined HAVE_MEMORY_H
| #  include <memory.h>
| # endif
| # include <string.h>
| #endif
| #ifdef HAVE_STRINGS_H
| # include <strings.h>
| #endif
| #ifdef HAVE_INTTYPES_H
| # include <inttypes.h>
| #endif
| #ifdef HAVE_STDINT_H
| # include <stdint.h>
| #endif
| #ifdef HAVE_UNISTD_H
| # include <unistd.h>
| #endif
| int
| main ()
| {
| if (sizeof ((_Bool)))
| 	    return 0;
|   ;
|   return 0;
| }
configure:3538: result: yes
configure:3549: checking for inline
configure:3565: gcc -c -g -O2  -I/usr/local/pgsql/include conftest.c >&5
configure:3565: $? = 0
configure:3573: result: inline
configure:3591: checking for pid_t
configure:3591: gcc -c -g -O2  -I/usr/local/pgsql/include conftest.c >&5
configure:3591: $? = 0
configure:3591: gcc -c -g -O2  -I/usr/local/pgsql/include conftest.c >&5
conftest.c:69:20: error: expected expression
if (sizeof ((pid_t)))
                   ^
1 error generated.
configure:3591: $? = 1
configure: failed program was:
| /* confdefs.h */
| #define PACKAGE_NAME "envelope"
| #define PACKAGE_TARNAME "envelope"
| #define PACKAGE_VERSION "v1.0.0"
| #define PACKAGE_STRING "envelope v1.0.0"
| #define PACKAGE_BUGREPORT "joseph@envelope.xyz"
| #define PACKAGE_URL ""
| #define HAVE_LIBPQ 1
| #define STDC_HEADERS 1
| #define HAVE_SYS_TYPES_H 1
| #define HAVE_SYS_STAT_H 1
| #define HAVE_STDLIB_H 1
| #define HAVE_STRING_H 1
| #define HAVE_MEMORY_H 1
| #define HAVE_STRINGS_H 1
| #define HAVE_INTTYPES_H 1
| #define HAVE_STDINT_H 1
| #define HAVE_UNISTD_H 1
| #define HAVE_LIBPQ_FE_H 1
| #define HAVE_ARPA_INET_H 1
| #define HAVE_FCNTL_H 1
| #define HAVE_LIMITS_H 1
| #define HAVE_NETDB_H 1
| #define HAVE_NETINET_IN_H 1
| #define HAVE_STDDEF_H 1
| #define HAVE_STDLIB_H 1
| #define HAVE_STRING_H 1
| #define HAVE_SYS_SOCKET_H 1
| #define HAVE_SYSLOG_H 1
| #define HAVE_UNISTD_H 1
| #define HAVE__BOOL 1
| /* end confdefs.h.  */
| #include <stdio.h>
| #ifdef HAVE_SYS_TYPES_H
| # include <sys/types.h>
| #endif
| #ifdef HAVE_SYS_STAT_H
| # include <sys/stat.h>
| #endif
| #ifdef STDC_HEADERS
| # include <stdlib.h>
| # include <stddef.h>
| #else
| # ifdef HAVE_STDLIB_H
| #  include <stdlib.h>
| # endif
| #endif
| #ifdef HAVE_STRING_H
| # if !defined STDC_HEADERS && defined HAVE_MEMORY_H
| #  include <memory.h>
| # endif
| # include <string.h>
| #endif
| #ifdef HAVE_STRINGS_H
| # include <strings.h>
| #endif
| #ifdef HAVE_INTTYPES_H
| # include <inttypes.h>
| #endif
| #ifdef HAVE_STDINT_H
| # include <stdint.h>
| #endif
| #ifdef HAVE_UNISTD_H
| # include <unistd.h>
| #endif
| int
| main ()
| {
| if (sizeof ((pid_t)))
| 	    return 0;
|   ;
|   return 0;
| }
configure:3591: result: yes
configure:3602: checking for size_t
configure:3602: gcc -c -g -O2  -I/usr/local/pgsql/include conftest.c >&5
configure:3602: $? = 0
configure:3602: gcc -c -g -O2  -I/usr/local/pgsql/include conftest.c >&5
conftest.c:69:21: error: expected expression
if (sizeof ((size_t)))
                    ^
1 error generated.
configure:3602: $? = 1
configure: failed program was:
| /* confdefs.h */
| #define PACKAGE_NAME "envelope"
| #define PACKAGE_TARNAME "envelope"
| #define PACKAGE_VERSION "v1.0.0"
| #define PACKAGE_STRING "envelope v1.0.0"
| #define PACKAGE_BUGREPORT "joseph@envelope.xyz"
| #define PACKAGE_URL ""
| #define HAVE_LIBPQ 1
| #define STDC_HEADERS 1
| #define HAVE_SYS_TYPES_H 1
| #define HAVE_SYS_STAT_H 1
| #define HAVE_STDLIB_H 1
| #define HAVE_STRING_H 1
| #define HAVE_MEMORY_H 1
| #define HAVE_STRINGS_H 1
| #define HAVE_INTTYPES_H 1
| #define HAVE_STDINT_H 1
| #define HAVE_UNISTD_H 1
| #define HAVE_LIBPQ_FE_H 1
| #define HAVE_ARPA_INET_H 1
| #define HAVE_FCNTL_H 1
| #define HAVE_LIMITS_H 1
| #define HAVE_NETDB_H 1
| #define HAVE_NETINET_IN_H 1
| #define HAVE_STDDEF_H 1
| #define HAVE_STDLIB_H 1
| #define HAVE_STRING_H 1
| #define HAVE_SYS_SOCKET_H 1
| #define HAVE_SYSLOG_H 1
| #define HAVE_UNISTD_H 1
| #define HAVE__BOOL 1
| /* end confdefs.h.  */
| #include <stdio.h>
| #ifdef HAVE_SYS_TYPES_H
| # include <sys/types.h>
| #endif
| #ifdef HAVE_SYS_STAT_H
| # include <sys/stat.h>
| #endif
| #ifdef STDC_HEADERS
| # include <stdlib.h>
| # include <stddef.h>
| #else
| # ifdef HAVE_STDLIB_H
| #  include <stdlib.h>
| # endif
| #endif
| #ifdef HAVE_STRING_H
| # if !defined STDC_HEADERS && defined HAVE_MEMORY_H
| #  include <memory.h>
| # endif
| # include <string.h>
| #endif
| #ifdef HAVE_STRINGS_H
| # include <strings.h>
| #endif
| #ifdef HAVE_INTTYPES_H
| # include <inttypes.h>
| #endif
| #ifdef HAVE_STDINT_H
| # include <stdint.h>
| #endif
| #ifdef HAVE_UNISTD_H
| # include <unistd.h>
| #endif
| int
| main ()
| {
| if (sizeof ((size_t)))
| 	    return 0;
|   ;
|   return 0;
| }
configure:3602: result: yes
configure:3615: checking for uid_t in sys/types.h
configure:3634: result: yes
configure:3647: checking for unistd.h
configure:3647: result: yes
configure:3657: checking for working chown
configure:3690: gcc -o conftest -g -O2  -I/usr/local/pgsql/include  -L/usr/local/pgsql/lib conftest.c -lpq  -lpq -lcrypto -lssl >&5
configure:3690: $? = 0
configure:3690: ./conftest
configure:3690: $? = 0
configure:3702: result: yes
configure:3710: checking for error_at_line
configure:3726: gcc -o conftest -g -O2  -I/usr/local/pgsql/include  -L/usr/local/pgsql/lib conftest.c -lpq  -lpq -lcrypto -lssl >&5
conftest.c:35:10: fatal error: 'error.h' file not found
#include <error.h>
         ^
1 error generated.
configure:3726: $? = 1
configure: failed program was:
| /* confdefs.h */
| #define PACKAGE_NAME "envelope"
| #define PACKAGE_TARNAME "envelope"
| #define PACKAGE_VERSION "v1.0.0"
| #define PACKAGE_STRING "envelope v1.0.0"
| #define PACKAGE_BUGREPORT "joseph@envelope.xyz"
| #define PACKAGE_URL ""
| #define HAVE_LIBPQ 1
| #define STDC_HEADERS 1
| #define HAVE_SYS_TYPES_H 1
| #define HAVE_SYS_STAT_H 1
| #define HAVE_STDLIB_H 1
| #define HAVE_STRING_H 1
| #define HAVE_MEMORY_H 1
| #define HAVE_STRINGS_H 1
| #define HAVE_INTTYPES_H 1
| #define HAVE_STDINT_H 1
| #define HAVE_UNISTD_H 1
| #define HAVE_LIBPQ_FE_H 1
| #define HAVE_ARPA_INET_H 1
| #define HAVE_FCNTL_H 1
| #define HAVE_LIMITS_H 1
| #define HAVE_NETDB_H 1
| #define HAVE_NETINET_IN_H 1
| #define HAVE_STDDEF_H 1
| #define HAVE_STDLIB_H 1
| #define HAVE_STRING_H 1
| #define HAVE_SYS_SOCKET_H 1
| #define HAVE_SYSLOG_H 1
| #define HAVE_UNISTD_H 1
| #define HAVE__BOOL 1
| #define HAVE_UNISTD_H 1
| #define HAVE_CHOWN 1
| /* end confdefs.h.  */
| #include <error.h>
| int
| main ()
| {
| error_at_line (0, 0, "", 0, "an error occurred");
|   ;
|   return 0;
| }
configure:3734: result: no
configure:3747: checking vfork.h usability
configure:3747: gcc -c -g -O2  -I/usr/local/pgsql/include conftest.c >&5
conftest.c:68:10: fatal error: 'vfork.h' file not found
#include <vfork.h>
         ^
1 error generated.
configure:3747: $? = 1
configure: failed program was:
| /* confdefs.h */
| #define PACKAGE_NAME "envelope"
| #define PACKAGE_TARNAME "envelope"
| #define PACKAGE_VERSION "v1.0.0"
| #define PACKAGE_STRING "envelope v1.0.0"
| #define PACKAGE_BUGREPORT "joseph@envelope.xyz"
| #define PACKAGE_URL ""
| #define HAVE_LIBPQ 1
| #define STDC_HEADERS 1
| #define HAVE_SYS_TYPES_H 1
| #define HAVE_SYS_STAT_H 1
| #define HAVE_STDLIB_H 1
| #define HAVE_STRING_H 1
| #define HAVE_MEMORY_H 1
| #define HAVE_STRINGS_H 1
| #define HAVE_INTTYPES_H 1
| #define HAVE_STDINT_H 1
| #define HAVE_UNISTD_H 1
| #define HAVE_LIBPQ_FE_H 1
| #define HAVE_ARPA_INET_H 1
| #define HAVE_FCNTL_H 1
| #define HAVE_LIMITS_H 1
| #define HAVE_NETDB_H 1
| #define HAVE_NETINET_IN_H 1
| #define HAVE_STDDEF_H 1
| #define HAVE_STDLIB_H 1
| #define HAVE_STRING_H 1
| #define HAVE_SYS_SOCKET_H 1
| #define HAVE_SYSLOG_H 1
| #define HAVE_UNISTD_H 1
| #define HAVE__BOOL 1
| #define HAVE_UNISTD_H 1
| #define HAVE_CHOWN 1
| /* end confdefs.h.  */
| #include <stdio.h>
| #ifdef HAVE_SYS_TYPES_H
| # include <sys/types.h>
| #endif
| #ifdef HAVE_SYS_STAT_H
| # include <sys/stat.h>
| #endif
| #ifdef STDC_HEADERS
| # include <stdlib.h>
| # include <stddef.h>
| #else
| # ifdef HAVE_STDLIB_H
| #  include <stdlib.h>
| # endif
| #endif
| #ifdef HAVE_STRING_H
| # if !defined STDC_HEADERS && defined HAVE_MEMORY_H
| #  include <memory.h>
| # endif
| # include <string.h>
| #endif
| #ifdef HAVE_STRINGS_H
| # include <strings.h>
| #endif
| #ifdef HAVE_INTTYPES_H
| # include <inttypes.h>
| #endif
| #ifdef HAVE_STDINT_H
| # include <stdint.h>
| #endif
| #ifdef HAVE_UNISTD_H
| # include <unistd.h>
| #endif
| #include <vfork.h>
configure:3747: result: no
configure:3747: checking vfork.h presence
configure:3747: gcc -E  -I/usr/local/pgsql/include conftest.c
conftest.c:35:10: fatal error: 'vfork.h' file not found
#include <vfork.h>
         ^
1 error generated.
configure:3747: $? = 1
configure: failed program was:
| /* confdefs.h */
| #define PACKAGE_NAME "envelope"
| #define PACKAGE_TARNAME "envelope"
| #define PACKAGE_VERSION "v1.0.0"
| #define PACKAGE_STRING "envelope v1.0.0"
| #define PACKAGE_BUGREPORT "joseph@envelope.xyz"
| #define PACKAGE_URL ""
| #define HAVE_LIBPQ 1
| #define STDC_HEADERS 1
| #define HAVE_SYS_TYPES_H 1
| #define HAVE_SYS_STAT_H 1
| #define HAVE_STDLIB_H 1
| #define HAVE_STRING_H 1
| #define HAVE_MEMORY_H 1
| #define HAVE_STRINGS_H 1
| #define HAVE_INTTYPES_H 1
| #define HAVE_STDINT_H 1
| #define HAVE_UNISTD_H 1
| #define HAVE_LIBPQ_FE_H 1
| #define HAVE_ARPA_INET_H 1
| #define HAVE_FCNTL_H 1
| #define HAVE_LIMITS_H 1
| #define HAVE_NETDB_H 1
| #define HAVE_NETINET_IN_H 1
| #define HAVE_STDDEF_H 1
| #define HAVE_STDLIB_H 1
| #define HAVE_STRING_H 1
| #define HAVE_SYS_SOCKET_H 1
| #define HAVE_SYSLOG_H 1
| #define HAVE_UNISTD_H 1
| #define HAVE__BOOL 1
| #define HAVE_UNISTD_H 1
| #define HAVE_CHOWN 1
| /* end confdefs.h.  */
| #include <vfork.h>
configure:3747: result: no
configure:3747: checking for vfork.h
configure:3747: result: no
configure:3760: checking for fork
configure:3760: gcc -o conftest -g -O2  -I/usr/local/pgsql/include  -L/usr/local/pgsql/lib conftest.c -lpq  -lpq -lcrypto -lssl >&5
configure:3760: $? = 0
configure:3760: result: yes
configure:3760: checking for vfork
configure:3760: gcc -o conftest -g -O2  -I/usr/local/pgsql/include  -L/usr/local/pgsql/lib conftest.c -lpq  -lpq -lcrypto -lssl >&5
conftest.c:59:6: warning: incompatible redeclaration of library function 'vfork' [-Wincompatible-library-redeclaration]
char vfork ();
     ^
conftest.c:59:6: note: 'vfork' is a builtin with type 'int (void)'
1 warning generated.
configure:3760: $? = 0
configure:3760: result: yes
configure:3770: checking for working fork
configure:3792: gcc -o conftest -g -O2  -I/usr/local/pgsql/include  -L/usr/local/pgsql/lib conftest.c -lpq  -lpq -lcrypto -lssl >&5
configure:3792: $? = 0
configure:3792: ./conftest
configure:3792: $? = 0
configure:3802: result: yes
configure:3823: checking for working vfork
configure:3933: result: yes
configure:3960: checking for stdlib.h
configure:3960: result: yes
configure:3970: checking for GNU libc compatible malloc
configure:3994: gcc -o conftest -g -O2  -I/usr/local/pgsql/include  -L/usr/local/pgsql/lib conftest.c -lpq  -lpq -lcrypto -lssl >&5
configure:3994: $? = 0
configure:3994: ./conftest
configure:3994: $? = 0
configure:4004: result: yes
configure:4025: checking whether time.h and sys/time.h may both be included
configure:4045: gcc -c -g -O2  -I/usr/local/pgsql/include conftest.c >&5
configure:4045: $? = 0
configure:4052: result: yes
configure:4066: checking for sys/time.h
configure:4066: gcc -c -g -O2  -I/usr/local/pgsql/include conftest.c >&5
configure:4066: $? = 0
configure:4066: result: yes
configure:4066: checking for unistd.h
configure:4066: result: yes
configure:4087: checking for alarm
configure:4087: gcc -o conftest -g -O2  -I/usr/local/pgsql/include  -L/usr/local/pgsql/lib conftest.c -lpq  -lpq -lcrypto -lssl >&5
configure:4087: $? = 0
configure:4087: result: yes
configure:4100: checking for working mktime
configure:4302: gcc -o conftest -g -O2  -I/usr/local/pgsql/include  -L/usr/local/pgsql/lib conftest.c -lpq  -lpq -lcrypto -lssl >&5
configure:4302: $? = 0
configure:4302: ./conftest
configure:4302: $? = 1
configure: program exited with status 1
configure: failed program was:
| /* confdefs.h */
| #define PACKAGE_NAME "envelope"
| #define PACKAGE_TARNAME "envelope"
| #define PACKAGE_VERSION "v1.0.0"
| #define PACKAGE_STRING "envelope v1.0.0"
| #define PACKAGE_BUGREPORT "joseph@envelope.xyz"
| #define PACKAGE_URL ""
| #define HAVE_LIBPQ 1
| #define STDC_HEADERS 1
| #define HAVE_SYS_TYPES_H 1
| #define HAVE_SYS_STAT_H 1
| #define HAVE_STDLIB_H 1
| #define HAVE_STRING_H 1
| #define HAVE_MEMORY_H 1
| #define HAVE_STRINGS_H 1
| #define HAVE_INTTYPES_H 1
| #define HAVE_STDINT_H 1
| #define HAVE_UNISTD_H 1
| #define HAVE_LIBPQ_FE_H 1
| #define HAVE_ARPA_INET_H 1
| #define HAVE_FCNTL_H 1
| #define HAVE_LIMITS_H 1
| #define HAVE_NETDB_H 1
| #define HAVE_NETINET_IN_H 1
| #define HAVE_STDDEF_H 1
| #define HAVE_STDLIB_H 1
| #define HAVE_STRING_H 1
| #define HAVE_SYS_SOCKET_H 1
| #define HAVE_SYSLOG_H 1
| #define HAVE_UNISTD_H 1
| #define HAVE__BOOL 1
| #define HAVE_UNISTD_H 1
| #define HAVE_CHOWN 1
| #define HAVE_FORK 1
| #define HAVE_VFORK 1
| #define HAVE_WORKING_VFORK 1
| #define HAVE_WORKING_FORK 1
| #define HAVE_STDLIB_H 1
| #define HAVE_MALLOC 1
| #define TIME_WITH_SYS_TIME 1
| #define HAVE_SYS_TIME_H 1
| #define HAVE_UNISTD_H 1
| #define HAVE_ALARM 1
| /* end confdefs.h.  */
| /* Test program from Paul Eggert and Tony Leneis.  */
| #ifdef TIME_WITH_SYS_TIME
| # include <sys/time.h>
| # include <time.h>
| #else
| # ifdef HAVE_SYS_TIME_H
| #  include <sys/time.h>
| # else
| #  include <time.h>
| # endif
| #endif
| 
| #include <limits.h>
| #include <stdlib.h>
| 
| #ifdef HAVE_UNISTD_H
| # include <unistd.h>
| #endif
| 
| #ifndef HAVE_ALARM
| # define alarm(X) /* empty */
| #endif
| 
| /* Work around redefinition to rpl_putenv by other config tests.  */
| #undef putenv
| 
| static time_t time_t_max;
| static time_t time_t_min;
| 
| /* Values we'll use to set the TZ environment variable.  */
| static const char *tz_strings[] = {
|   (const char *) 0, "TZ=GMT0", "TZ=JST-9",
|   "TZ=EST+3EDT+2,M10.1.0/00:00:00,M2.3.0/00:00:00"
| };
| #define N_STRINGS (sizeof (tz_strings) / sizeof (tz_strings[0]))
| 
| /* Return 0 if mktime fails to convert a date in the spring-forward gap.
|    Based on a problem report from Andreas Jaeger.  */
| static int
| spring_forward_gap ()
| {
|   /* glibc (up to about 1998-10-07) failed this test. */
|   struct tm tm;
| 
|   /* Use the portable POSIX.1 specification "TZ=PST8PDT,M4.1.0,M10.5.0"
|      instead of "TZ=America/Vancouver" in order to detect the bug even
|      on systems that don't support the Olson extension, or don't have the
|      full zoneinfo tables installed.  */
|   putenv ((char*) "TZ=PST8PDT,M4.1.0,M10.5.0");
| 
|   tm.tm_year = 98;
|   tm.tm_mon = 3;
|   tm.tm_mday = 5;
|   tm.tm_hour = 2;
|   tm.tm_min = 0;
|   tm.tm_sec = 0;
|   tm.tm_isdst = -1;
|   return mktime (&tm) != (time_t) -1;
| }
| 
| static int
| mktime_test1 (time_t now)
| {
|   struct tm *lt;
|   return ! (lt = localtime (&now)) || mktime (lt) == now;
| }
| 
| static int
| mktime_test (time_t now)
| {
|   return (mktime_test1 (now)
| 	  && mktime_test1 ((time_t) (time_t_max - now))
| 	  && mktime_test1 ((time_t) (time_t_min + now)));
| }
| 
| static int
| irix_6_4_bug ()
| {
|   /* Based on code from Ariel Faigon.  */
|   struct tm tm;
|   tm.tm_year = 96;
|   tm.tm_mon = 3;
|   tm.tm_mday = 0;
|   tm.tm_hour = 0;
|   tm.tm_min = 0;
|   tm.tm_sec = 0;
|   tm.tm_isdst = -1;
|   mktime (&tm);
|   return tm.tm_mon == 2 && tm.tm_mday == 31;
| }
| 
| static int
| bigtime_test (int j)
| {
|   struct tm tm;
|   time_t now;
|   tm.tm_year = tm.tm_mon = tm.tm_mday = tm.tm_hour = tm.tm_min = tm.tm_sec = j;
|   now = mktime (&tm);
|   if (now != (time_t) -1)
|     {
|       struct tm *lt = localtime (&now);
|       if (! (lt
| 	     && lt->tm_year == tm.tm_year
| 	     && lt->tm_mon == tm.tm_mon
| 	     && lt->tm_mday == tm.tm_mday
| 	     && lt->tm_hour == tm.tm_hour
| 	     && lt->tm_min == tm.tm_min
| 	     && lt->tm_sec == tm.tm_sec
| 	     && lt->tm_yday == tm.tm_yday
| 	     && lt->tm_wday == tm.tm_wday
| 	     && ((lt->tm_isdst < 0 ? -1 : 0 < lt->tm_isdst)
| 		  == (tm.tm_isdst < 0 ? -1 : 0 < tm.tm_isdst))))
| 	return 0;
|     }
|   return 1;
| }
| 
| static int
| year_2050_test ()
| {
|   /* The correct answer for 2050-02-01 00:00:00 in Pacific time,
|      ignoring leap seconds.  */
|   unsigned long int answer = 2527315200UL;
| 
|   struct tm tm;
|   time_t t;
|   tm.tm_year = 2050 - 1900;
|   tm.tm_mon = 2 - 1;
|   tm.tm_mday = 1;
|   tm.tm_hour = tm.tm_min = tm.tm_sec = 0;
|   tm.tm_isdst = -1;
| 
|   /* Use the portable POSIX.1 specification "TZ=PST8PDT,M4.1.0,M10.5.0"
|      instead of "TZ=America/Vancouver" in order to detect the bug even
|      on systems that don't support the Olson extension, or don't have the
|      full zoneinfo tables installed.  */
|   putenv ((char*) "TZ=PST8PDT,M4.1.0,M10.5.0");
| 
|   t = mktime (&tm);
| 
|   /* Check that the result is either a failure, or close enough
|      to the correct answer that we can assume the discrepancy is
|      due to leap seconds.  */
|   return (t == (time_t) -1
| 	  || (0 < t && answer - 120 <= t && t <= answer + 120));
| }
| 
| int
| main ()
| {
|   time_t t, delta;
|   int i, j;
| 
|   /* This test makes some buggy mktime implementations loop.
|      Give up after 60 seconds; a mktime slower than that
|      isn't worth using anyway.  */
|   alarm (60);
| 
|   for (;;)
|     {
|       t = (time_t_max << 1) + 1;
|       if (t <= time_t_max)
| 	break;
|       time_t_max = t;
|     }
|   time_t_min = - ((time_t) ~ (time_t) 0 == (time_t) -1) - time_t_max;
| 
|   delta = time_t_max / 997; /* a suitable prime number */
|   for (i = 0; i < N_STRINGS; i++)
|     {
|       if (tz_strings[i])
| 	putenv ((char*) tz_strings[i]);
| 
|       for (t = 0; t <= time_t_max - delta; t += delta)
| 	if (! mktime_test (t))
| 	  return 1;
|       if (! (mktime_test ((time_t) 1)
| 	     && mktime_test ((time_t) (60 * 60))
| 	     && mktime_test ((time_t) (60 * 60 * 24))))
| 	return 1;
| 
|       for (j = 1; ; j <<= 1)
| 	if (! bigtime_test (j))
| 	  return 1;
| 	else if (INT_MAX / 2 < j)
| 	  break;
|       if (! bigtime_test (INT_MAX))
| 	return 1;
|     }
|   return ! (irix_6_4_bug () && spring_forward_gap () && year_2050_test ());
| }
configure:4312: result: no
configure:4325: checking for stdlib.h
configure:4325: result: yes
configure:4335: checking for GNU libc compatible realloc
configure:4359: gcc -o conftest -g -O2  -I/usr/local/pgsql/include  -L/usr/local/pgsql/lib conftest.c -lpq  -lpq -lcrypto -lssl >&5
configure:4359: $? = 0
configure:4359: ./conftest
configure:4359: $? = 0
configure:4369: result: yes
configure:4393: checking for bzero
configure:4393: gcc -o conftest -g -O2  -I/usr/local/pgsql/include  -L/usr/local/pgsql/lib conftest.c -lpq  -lpq -lcrypto -lssl >&5
conftest.c:70:6: warning: incompatible redeclaration of library function 'bzero' [-Wincompatible-library-redeclaration]
char bzero ();
     ^
conftest.c:70:6: note: 'bzero' is a builtin with type 'void (void *, unsigned long)'
1 warning generated.
configure:4393: $? = 0
configure:4393: result: yes
configure:4393: checking for dup2
configure:4393: gcc -o conftest -g -O2  -I/usr/local/pgsql/include  -L/usr/local/pgsql/lib conftest.c -lpq  -lpq -lcrypto -lssl >&5
configure:4393: $? = 0
configure:4393: result: yes
configure:4393: checking for inet_ntoa
configure:4393: gcc -o conftest -g -O2  -I/usr/local/pgsql/include  -L/usr/local/pgsql/lib conftest.c -lpq  -lpq -lcrypto -lssl >&5
configure:4393: $? = 0
configure:4393: result: yes
configure:4393: checking for memset
configure:4393: gcc -o conftest -g -O2  -I/usr/local/pgsql/include  -L/usr/local/pgsql/lib conftest.c -lpq  -lpq -lcrypto -lssl >&5
conftest.c:73:6: warning: incompatible redeclaration of library function 'memset' [-Wincompatible-library-redeclaration]
char memset ();
     ^
conftest.c:73:6: note: 'memset' is a builtin with type 'void *(void *, int, unsigned long)'
1 warning generated.
configure:4393: $? = 0
configure:4393: result: yes
configure:4393: checking for mkdir
configure:4393: gcc -o conftest -g -O2  -I/usr/local/pgsql/include  -L/usr/local/pgsql/lib conftest.c -lpq  -lpq -lcrypto -lssl >&5
configure:4393: $? = 0
configure:4393: result: yes
configure:4393: checking for realpath
configure:4393: gcc -o conftest -g -O2  -I/usr/local/pgsql/include  -L/usr/local/pgsql/lib conftest.c -lpq  -lpq -lcrypto -lssl >&5
configure:4393: $? = 0
configure:4393: result: yes
configure:4393: checking for regcomp
configure:4393: gcc -o conftest -g -O2  -I/usr/local/pgsql/include  -L/usr/local/pgsql/lib conftest.c -lpq  -lpq -lcrypto -lssl >&5
configure:4393: $? = 0
configure:4393: result: yes
configure:4393: checking for rmdir
configure:4393: gcc -o conftest -g -O2  -I/usr/local/pgsql/include  -L/usr/local/pgsql/lib conftest.c -lpq  -lpq -lcrypto -lssl >&5
configure:4393: $? = 0
configure:4393: result: yes
configure:4393: checking for setenv
configure:4393: gcc -o conftest -g -O2  -I/usr/local/pgsql/include  -L/usr/local/pgsql/lib conftest.c -lpq  -lpq -lcrypto -lssl >&5
configure:4393: $? = 0
configure:4393: result: yes
configure:4393: checking for socket
configure:4393: gcc -o conftest -g -O2  -I/usr/local/pgsql/include  -L/usr/local/pgsql/lib conftest.c -lpq  -lpq -lcrypto -lssl >&5
configure:4393: $? = 0
configure:4393: result: yes
configure:4393: checking for strchr
configure:4393: gcc -o conftest -g -O2  -I/usr/local/pgsql/include  -L/usr/local/pgsql/lib conftest.c -lpq  -lpq -lcrypto -lssl >&5
conftest.c:80:6: warning: incompatible redeclaration of library function 'strchr' [-Wincompatible-library-redeclaration]
char strchr ();
     ^
conftest.c:80:6: note: 'strchr' is a builtin with type 'char *(const char *, int)'
1 warning generated.
configure:4393: $? = 0
configure:4393: result: yes
configure:4393: checking for strcspn
configure:4393: gcc -o conftest -g -O2  -I/usr/local/pgsql/include  -L/usr/local/pgsql/lib conftest.c -lpq  -lpq -lcrypto -lssl >&5
conftest.c:81:6: warning: incompatible redeclaration of library function 'strcspn' [-Wincompatible-library-redeclaration]
char strcspn ();
     ^
conftest.c:81:6: note: 'strcspn' is a builtin with type 'unsigned long (const char *, const char *)'
1 warning generated.
configure:4393: $? = 0
configure:4393: result: yes
configure:4393: checking for strerror
configure:4393: gcc -o conftest -g -O2  -I/usr/local/pgsql/include  -L/usr/local/pgsql/lib conftest.c -lpq  -lpq -lcrypto -lssl >&5
conftest.c:82:6: warning: incompatible redeclaration of library function 'strerror' [-Wincompatible-library-redeclaration]
char strerror ();
     ^
conftest.c:82:6: note: 'strerror' is a builtin with type 'char *(int)'
1 warning generated.
configure:4393: $? = 0
configure:4393: result: yes
configure:4393: checking for strncasecmp
configure:4393: gcc -o conftest -g -O2  -I/usr/local/pgsql/include  -L/usr/local/pgsql/lib conftest.c -lpq  -lpq -lcrypto -lssl >&5
conftest.c:83:6: warning: incompatible redeclaration of library function 'strncasecmp' [-Wincompatible-library-redeclaration]
char strncasecmp ();
     ^
conftest.c:83:6: note: 'strncasecmp' is a builtin with type 'int (const char *, const char *, unsigned long)'
1 warning generated.
configure:4393: $? = 0
configure:4393: result: yes
configure:4393: checking for strrchr
configure:4393: gcc -o conftest -g -O2  -I/usr/local/pgsql/include  -L/usr/local/pgsql/lib conftest.c -lpq  -lpq -lcrypto -lssl >&5
conftest.c:84:6: warning: incompatible redeclaration of library function 'strrchr' [-Wincompatible-library-redeclaration]
char strrchr ();
     ^
conftest.c:84:6: note: 'strrchr' is a builtin with type 'char *(const char *, int)'
1 warning generated.
configure:4393: $? = 0
configure:4393: result: yes
configure:4393: checking for strstr
configure:4393: gcc -o conftest -g -O2  -I/usr/local/pgsql/include  -L/usr/local/pgsql/lib conftest.c -lpq  -lpq -lcrypto -lssl >&5
conftest.c:85:6: warning: incompatible redeclaration of library function 'strstr' [-Wincompatible-library-redeclaration]
char strstr ();
     ^
conftest.c:85:6: note: 'strstr' is a builtin with type 'char *(const char *, const char *)'
1 warning generated.
configure:4393: $? = 0
configure:4393: result: yes
configure:4393: checking for strtol
configure:4393: gcc -o conftest -g -O2  -I/usr/local/pgsql/include  -L/usr/local/pgsql/lib conftest.c -lpq  -lpq -lcrypto -lssl >&5
configure:4393: $? = 0
configure:4393: result: yes
configure:4555: creating ./config.status

## ---------------------- ##
## Running config.status. ##
## ---------------------- ##

This file was extended by envelope config.status v1.0.0, which was
generated by GNU Autoconf 2.69.  Invocation command line was

  CONFIG_FILES    = 
  CONFIG_HEADERS  = 
  CONFIG_LINKS    = 
  CONFIG_COMMANDS = 
  $ ./config.status 

on Dup.local

config.status:729: creating Makefile

## ---------------- ##
## Cache variables. ##
## ---------------- ##

ac_cv_c_compiler_gnu=yes
ac_cv_c_inline=inline
ac_cv_env_CC_set=
ac_cv_env_CC_value=
ac_cv_env_CFLAGS_set=
ac_cv_env_CFLAGS_value=
ac_cv_env_CPPFLAGS_set=
ac_cv_env_CPPFLAGS_value=
ac_cv_env_CPP_set=
ac_cv_env_CPP_value=
ac_cv_env_LDFLAGS_set=
ac_cv_env_LDFLAGS_value=
ac_cv_env_LIBS_set=
ac_cv_env_LIBS_value=
ac_cv_env_build_alias_set=
ac_cv_env_build_alias_value=
ac_cv_env_host_alias_set=
ac_cv_env_host_alias_value=
ac_cv_env_target_alias_set=
ac_cv_env_target_alias_value=
ac_cv_func_alarm=yes
ac_cv_func_bzero=yes
ac_cv_func_chown_works=yes
ac_cv_func_dup2=yes
ac_cv_func_fork=yes
ac_cv_func_fork_works=yes
ac_cv_func_inet_ntoa=yes
ac_cv_func_malloc_0_nonnull=yes
ac_cv_func_memset=yes
ac_cv_func_mkdir=yes
ac_cv_func_realloc_0_nonnull=yes
ac_cv_func_realpath=yes
ac_cv_func_regcomp=yes
ac_cv_func_rmdir=yes
ac_cv_func_setenv=yes
ac_cv_func_socket=yes
ac_cv_func_strchr=yes
ac_cv_func_strcspn=yes
ac_cv_func_strerror=yes
ac_cv_func_strncasecmp=yes
ac_cv_func_strrchr=yes
ac_cv_func_strstr=yes
ac_cv_func_strtol=yes
ac_cv_func_vfork=yes
ac_cv_func_vfork_works=yes
ac_cv_func_working_mktime=no
ac_cv_header_arpa_inet_h=yes
ac_cv_header_fcntl_h=yes
ac_cv_header_inttypes_h=yes
ac_cv_header_libpq_fe_h=yes
ac_cv_header_limits_h=yes
ac_cv_header_memory_h=yes
ac_cv_header_netdb_h=yes
ac_cv_header_netinet_in_h=yes
ac_cv_header_stdbool_h=yes
ac_cv_header_stdc=yes
ac_cv_header_stddef_h=yes
ac_cv_header_stdint_h=yes
ac_cv_header_stdlib_h=yes
ac_cv_header_string_h=yes
ac_cv_header_strings_h=yes
ac_cv_header_sys_socket_h=yes
ac_cv_header_sys_stat_h=yes
ac_cv_header_sys_time_h=yes
ac_cv_header_sys_types_h=yes
ac_cv_header_syslog_h=yes
ac_cv_header_time=yes
ac_cv_header_unistd_h=yes
ac_cv_header_vfork_h=no
ac_cv_lib_error_at_line=no
ac_cv_lib_pq_PQescapeLiteral=yes
ac_cv_objext=o
ac_cv_path_EGREP='/usr/bin/grep -E'
ac_cv_path_GREP=/usr/bin/grep
ac_cv_prog_CPP='gcc -E'
ac_cv_prog_ac_ct_CC=gcc
ac_cv_prog_cc_c89=
ac_cv_prog_cc_g=yes
ac_cv_prog_pg_config_found=yes
ac_cv_type__Bool=yes
ac_cv_type_pid_t=yes
ac_cv_type_size_t=yes
ac_cv_type_uid_t=yes

## ----------------- ##
## Output variables. ##
## ----------------- ##

CC='gcc'
CFLAGS='-g -O2'
CPP='gcc -E'
CPPFLAGS=' -I/usr/local/pgsql/include'
DEFS='-DPACKAGE_NAME=\"envelope\" -DPACKAGE_TARNAME=\"envelope\" -DPACKAGE_VERSION=\"v1.0.0\" -DPACKAGE_STRING=\"envelope\ v1.0.0\" -DPACKAGE_BUGREPORT=\"joseph@envelope.xyz\" -DPACKAGE_URL=\"\" -DHAVE_LIBPQ=1 -DSTDC_HEADERS=1 -DHAVE_SYS_TYPES_H=1 -DHAVE_SYS_STAT_H=1 -DHAVE_STDLIB_H=1 -DHAVE_STRING_H=1 -DHAVE_MEMORY_H=1 -DHAVE_STRINGS_H=1 -DHAVE_INTTYPES_H=1 -DHAVE_STDINT_H=1 -DHAVE_UNISTD_H=1 -DHAVE_LIBPQ_FE_H=1 -DHAVE_ARPA_INET_H=1 -DHAVE_FCNTL_H=1 -DHAVE_LIMITS_H=1 -DHAVE_NETDB_H=1 -DHAVE_NETINET_IN_H=1 -DHAVE_STDDEF_H=1 -DHAVE_STDLIB_H=1 -DHAVE_STRING_H=1 -DHAVE_SYS_SOCKET_H=1 -DHAVE_SYSLOG_H=1 -DHAVE_UNISTD_H=1 -DHAVE__BOOL=1 -DHAVE_UNISTD_H=1 -DHAVE_CHOWN=1 -DHAVE_FORK=1 -DHAVE_VFORK=1 -DHAVE_WORKING_VFORK=1 -DHAVE_WORKING_FORK=1 -DHAVE_STDLIB_H=1 -DHAVE_MALLOC=1 -DTIME_WITH_SYS_TIME=1 -DHAVE_SYS_TIME_H=1 -DHAVE_UNISTD_H=1 -DHAVE_ALARM=1 -DHAVE_STDLIB_H=1 -DHAVE_REALLOC=1 -DHAVE_BZERO=1 -DHAVE_DUP2=1 -DHAVE_INET_NTOA=1 -DHAVE_MEMSET=1 -DHAVE_MKDIR=1 -DHAVE_REALPATH=1 -DHAVE_REGCOMP=1 -DHAVE_RMDIR=1 -DHAVE_SETENV=1 -DHAVE_SOCKET=1 -DHAVE_STRCHR=1 -DHAVE_STRCSPN=1 -DHAVE_STRERROR=1 -DHAVE_STRNCASECMP=1 -DHAVE_STRRCHR=1 -DHAVE_STRSTR=1 -DHAVE_STRTOL=1'
ECHO_C='\c'
ECHO_N=''
ECHO_T=''
EGREP='/usr/bin/grep -E'
EXEEXT=''
GREP='/usr/bin/grep'
LDFLAGS=' -L/usr/local/pgsql/lib'
LIBOBJS=' ${LIBOBJDIR}error$U.o ${LIBOBJDIR}mktime$U.o'
LIBS='-lpq  -lpq -lcrypto -lssl'
LTLIBOBJS=' ${LIBOBJDIR}error$U.lo ${LIBOBJDIR}mktime$U.lo'
OBJEXT='o'
PACKAGE_BUGREPORT='joseph@envelope.xyz'
PACKAGE_NAME='envelope'
PACKAGE_STRING='envelope v1.0.0'
PACKAGE_TARNAME='envelope'
PACKAGE_URL=''
PACKAGE_VERSION='v1.0.0'
PATH_SEPARATOR=':'
SHELL='/bin/sh'
ac_ct_CC='gcc'
bindir='${exec_prefix}/bin'
build_alias=''
datadir='${datarootdir}'
datarootdir='${prefix}/share'
docdir='${datarootdir}/doc/${PACKAGE_TARNAME}'
dvidir='${docdir}'
exec_prefix='${prefix}'
host_alias=''
htmldir='${docdir}'
includedir='${prefix}/include'
infodir='${datarootdir}/info'
libdir='${exec_prefix}/lib'
libexecdir='${exec_prefix}/libexec'
localedir='${datarootdir}/locale'
localstatedir='${prefix}/var'
mandir='${datarootdir}/man'
oldincludedir='/usr/include'
pdfdir='${docdir}'
pg_config_found='yes'
prefix='/usr/local'
program_transform_name='s,x,x,'
psdir='${docdir}'
sbindir='${exec_prefix}/sbin'
sharedstatedir='${prefix}/com'
sysconfdir='${prefix}/etc'
target_alias=''

## ----------- ##
## confdefs.h. ##
## ----------- ##

/* confdefs.h */
#define PACKAGE_NAME "envelope"
#define PACKAGE_TARNAME "envelope"
#define PACKAGE_VERSION "v1.0.0"
#define PACKAGE_STRING "envelope v1.0.0"
#define PACKAGE_BUGREPORT "joseph@envelope.xyz"
#define PACKAGE_URL ""
#define HAVE_LIBPQ 1
#define STDC_HEADERS 1
#define HAVE_SYS_TYPES_H 1
#define HAVE_SYS_STAT_H 1
#define HAVE_STDLIB_H 1
#define HAVE_STRING_H 1
#define HAVE_MEMORY_H 1
#define HAVE_STRINGS_H 1
#define HAVE_INTTYPES_H 1
#define HAVE_STDINT_H 1
#define HAVE_UNISTD_H 1
#define HAVE_LIBPQ_FE_H 1
#define HAVE_ARPA_INET_H 1
#define HAVE_FCNTL_H 1
#define HAVE_LIMITS_H 1
#define HAVE_NETDB_H 1
#define HAVE_NETINET_IN_H 1
#define HAVE_STDDEF_H 1
#define HAVE_STDLIB_H 1
#define HAVE_STRING_H 1
#define HAVE_SYS_SOCKET_H 1
#define HAVE_SYSLOG_H 1
#define HAVE_UNISTD_H 1
#define HAVE__BOOL 1
#define HAVE_UNISTD_H 1
#define HAVE_CHOWN 1
#define HAVE_FORK 1
#define HAVE_VFORK 1
#define HAVE_WORKING_VFORK 1
#define HAVE_WORKING_FORK 1
#define HAVE_STDLIB_H 1
#define HAVE_MALLOC 1
#define TIME_WITH_SYS_TIME 1
#define HAVE_SYS_TIME_H 1
#define HAVE_UNISTD_H 1
#define HAVE_ALARM 1
#define HAVE_STDLIB_H 1
#define HAVE_REALLOC 1
#define HAVE_BZERO 1
#define HAVE_DUP2 1
#define HAVE_INET_NTOA 1
#define HAVE_MEMSET 1
#define HAVE_MKDIR 1
#define HAVE_REALPATH 1
#define HAVE_REGCOMP 1
#define HAVE_RMDIR 1
#define HAVE_SETENV 1
#define HAVE_SOCKET 1
#define HAVE_STRCHR 1
#define HAVE_STRCSPN 1
#define HAVE_STRERROR 1
#define HAVE_STRNCASECMP 1
#define HAVE_STRRCHR 1
#define HAVE_STRSTR 1
#define HAVE_STRTOL 1

configure: exit 0
